Arguments: 
  F:\Program Files\node\node.exe C:\Users\User\AppData\Roaming\npm\node_modules\yarn\bin\yarn.js

PATH: 
  F:\Program Files\Git\mingw64\bin;F:\Program Files\Git\usr\bin;C:\Users\User\bin;C:\Python38\Scripts;C:\Python38;C:\Windows\system32;C:\Windows;C:\Windows\System32\Wbem;C:\Windows\System32\WindowsPowerShell\v1.0;C:\Windows\System32\OpenSSH;F:\Program Files\node;C:\ProgramData\chocolatey\bin;F:\Program Files\Git\cmd;C:\Program Files\PostgreSQL\13\bin;C:\Program Files\PostgreSQL\13\lib;C:\Users\User\.cargo\bin;C:\Users\User\AppData\Local\Microsoft\WindowsApps;C:\Users\User\AppData\Roaming\npm;F:\Program Files\Microsoft VS Code\bin;C:\Users\User\AppData\Local\GitHubDesktop\bin;C:\Users\User\AppData\Roaming\npm\bin;C:\Users\User\AppData\Local\Yarn\bin;F:\Program Files (x86)\GitHub CLI

Yarn version: 
  1.22.5

Node version: 
  14.9.0

Platform: 
  win32 x64

Trace: 
  Error: EPERM: operation not permitted, copyfile 'C:\Users\User\AppData\Local\Yarn\Cache\v6\npm-eslint-plugin-jsx-a11y-6.3.1-99ef7e97f567cc6a5b8dd5ab95a94a67058a2660-integrity\node_modules\eslint-plugin-jsx-a11y\package.json' -> 'F:\Files\Github\indigo-player-2\node_modules\eslint-plugin-jsx-a11y\package.json'

npm manifest: 
  {
    "version": "0.2.1",
    "license": "MIT",
    "main": "index.js",
    "typings": "dist/index.d.ts",
    "files": [
      "dist"
    ],
    "scripts": {
      "start": "tsdx watch",
      "build": "tsdx build",
      "test": "tsdx test",
      "lint": "tsdx lint",
      "prepare": "tsdx build"
    },
    "peerDependencies": {},
    "name": "@lxsmnsyc/indigo-player",
    "author": "Alexis Munsayac",
    "module": "dist/index.js",
    "repository": {
      "type": "git",
      "url": "git+https://github.com/LXSMNSYC/indigo-player-2.git"
    },
    "bugs": {
      "url": "https://github.com/LXSMNSYC/indigo-player-2/issues"
    },
    "homepage": "https://github.com/LXSMNSYC/indigo-player-2",
    "devDependencies": {
      "@types/hls.js": "^0.13.2",
      "@types/jdataview": "^0.0.31",
      "@types/react": "^16.9.52",
      "@types/react-dom": "^16.9.8",
      "@types/subtitle": "^2.0.2",
      "@types/url-parse": "^1.4.3",
      "@typescript-eslint/eslint-plugin": "latest",
      "@typescript-eslint/parser": "latest",
      "babel-plugin-emotion": "^10.0.33",
      "eslint": "^7.11.0",
      "eslint-config-lxsmnsyc": "^0.1.18",
      "tsdx": "^0.14.0",
      "tslib": "^2.0.3",
      "typescript": "^4.0.3"
    },
    "dependencies": {
      "deepmerge": "^4.2.2",
      "emotion": "^10.0.27",
      "hls.js": "^0.14.14",
      "immer": "^7.0.9",
      "jdataview": "^2.5.0",
      "react": "^16.13.1",
      "react-dom": "^16.13.1",
      "react-scoped-model": "^1.6.1",
      "resize-observer": "^1.0.0",
      "screenfull": "^5.0.2",
      "shaka-player": "^3.0.5",
      "subtitle": "^4.0.1",
      "url-parse": "^1.4.7"
    }
  }

yarn manifest: 
  No manifest

Lockfile: 
  No lockfile
